<?xml version="1.0" encoding="UTF-8"?>
<!-- Generated by org.testng.reporters.JUnitReportReporter -->
<testsuite hostname="Uday" failures="0" tests="3" name="files.DynamicJson" time="4.524" errors="0" timestamp="2023-11-08T16:21:24 PST" skipped="0">
  <testcase classname="files.DynamicJson" name="addBook" time="3.253"/>
  <testcase classname="files.DynamicJson" name="addBook" time="0.654"/>
  <testcase classname="files.DynamicJson" name="addBook" time="0.617"/>
</testsuite> <!-- files.DynamicJson -->
