<?xml version="1.0" encoding="UTF-8"?>
<!-- Generated by org.testng.reporters.JUnitReportReporter -->
<testsuite hostname="Uday" failures="0" tests="1" name="SumValidation" time="1.640" errors="0" timestamp="2023-11-08T12:20:51 PST" skipped="0">
  <testcase classname="SumValidation" name="sumOfCourses" time="1.640"/>
</testsuite> <!-- SumValidation -->
